

Started GET "/" for 127.0.0.1 at 2013-12-28 18:02:18 +0900
Connecting to database specified by database.yml
Connecting to database specified by database.yml

LoadError (Please install the sqlite3 adapter: `gem install activerecord-sqlite3-adapter` (sqlite3 is not part of the bundle. Add it to Gemfile.)):
  bundler (1.3.5) lib/bundler/rubygems_integration.rb:214:in `block in replace_gem'
  activerecord (3.2.16) lib/active_record/connection_adapters/sqlite3_adapter.rb:3:in `<top (required)>'
  activesupport (3.2.16) lib/active_support/dependencies.rb:251:in `require'
  activesupport (3.2.16) lib/active_support/dependencies.rb:251:in `block in require'
  activesupport (3.2.16) lib/active_support/dependencies.rb:236:in `load_dependency'
  activesupport (3.2.16) lib/active_support/dependencies.rb:251:in `require'
  activerecord (3.2.16) lib/active_record/connection_adapters/abstract/connection_specification.rb:50:in `resolve_hash_connection'
  activerecord (3.2.16) lib/active_record/connection_adapters/abstract/connection_specification.rb:41:in `resolve_string_connection'
  activerecord (3.2.16) lib/active_record/connection_adapters/abstract/connection_specification.rb:25:in `spec'
  activerecord (3.2.16) lib/active_record/connection_adapters/abstract/connection_specification.rb:130:in `establish_connection'
  activerecord (3.2.16) lib/active_record/railtie.rb:88:in `block (2 levels) in <class:Railtie>'
  activesupport (3.2.16) lib/active_support/lazy_load_hooks.rb:36:in `instance_eval'
  activesupport (3.2.16) lib/active_support/lazy_load_hooks.rb:36:in `execute_hook'
  activesupport (3.2.16) lib/active_support/lazy_load_hooks.rb:43:in `block in run_load_hooks'
  activesupport (3.2.16) lib/active_support/lazy_load_hooks.rb:42:in `each'
  activesupport (3.2.16) lib/active_support/lazy_load_hooks.rb:42:in `run_load_hooks'
  activerecord (3.2.16) lib/active_record/base.rb:720:in `<top (required)>'
  activerecord (3.2.16) lib/active_record/query_cache.rb:67:in `rescue in call'
  activerecord (3.2.16) lib/active_record/query_cache.rb:61:in `call'
  activerecord (3.2.16) lib/active_record/connection_adapters/abstract/connection_pool.rb:479:in `call'
  actionpack (3.2.16) lib/action_dispatch/middleware/callbacks.rb:28:in `block in call'
  activesupport (3.2.16) lib/active_support/callbacks.rb:405:in `_run__925897404973486963__call__2039304047673066893__callbacks'
  activesupport (3.2.16) lib/active_support/callbacks.rb:405:in `__run_callback'
  activesupport (3.2.16) lib/active_support/callbacks.rb:385:in `_run_call_callbacks'
  activesupport (3.2.16) lib/active_support/callbacks.rb:81:in `run_callbacks'
  actionpack (3.2.16) lib/action_dispatch/middleware/callbacks.rb:27:in `call'
  actionpack (3.2.16) lib/action_dispatch/middleware/reloader.rb:65:in `call'
  actionpack (3.2.16) lib/action_dispatch/middleware/remote_ip.rb:31:in `call'
  actionpack (3.2.16) lib/action_dispatch/middleware/debug_exceptions.rb:16:in `call'
  actionpack (3.2.16) lib/action_dispatch/middleware/show_exceptions.rb:56:in `call'
  railties (3.2.16) lib/rails/rack/logger.rb:32:in `call_app'
  railties (3.2.16) lib/rails/rack/logger.rb:16:in `block in call'
  activesupport (3.2.16) lib/active_support/tagged_logging.rb:22:in `tagged'
  railties (3.2.16) lib/rails/rack/logger.rb:16:in `call'
  actionpack (3.2.16) lib/action_dispatch/middleware/request_id.rb:22:in `call'
  rack (1.4.5) lib/rack/methodoverride.rb:21:in `call'
  rack (1.4.5) lib/rack/runtime.rb:17:in `call'
  activesupport (3.2.16) lib/active_support/cache/strategy/local_cache.rb:72:in `call'
  rack (1.4.5) lib/rack/lock.rb:15:in `call'
  actionpack (3.2.16) lib/action_dispatch/middleware/static.rb:63:in `call'
  railties (3.2.16) lib/rails/engine.rb:484:in `call'
  railties (3.2.16) lib/rails/application.rb:231:in `call'
  rack (1.4.5) lib/rack/content_length.rb:14:in `call'
  railties (3.2.16) lib/rails/rack/log_tailer.rb:17:in `call'
  rack (1.4.5) lib/rack/handler/webrick.rb:59:in `service'
  /Users/btsai/.rvm/rubies/ruby-2.0.0-p247/lib/ruby/2.0.0/webrick/httpserver.rb:138:in `service'
  /Users/btsai/.rvm/rubies/ruby-2.0.0-p247/lib/ruby/2.0.0/webrick/httpserver.rb:94:in `run'
  /Users/btsai/.rvm/rubies/ruby-2.0.0-p247/lib/ruby/2.0.0/webrick/server.rb:295:in `block in start_thread'


  Rendered /Users/btsai/.rvm/gems/ruby-2.0.0-p247/gems/actionpack-3.2.16/lib/action_dispatch/middleware/templates/rescues/_trace.erb (0.9ms)
  Rendered /Users/btsai/.rvm/gems/ruby-2.0.0-p247/gems/actionpack-3.2.16/lib/action_dispatch/middleware/templates/rescues/_request_and_response.erb (1.4ms)
  Rendered /Users/btsai/.rvm/gems/ruby-2.0.0-p247/gems/actionpack-3.2.16/lib/action_dispatch/middleware/templates/rescues/diagnostics.erb within rescues/layout (8.9ms)
Connecting to database specified by database.yml


Started GET "/" for 127.0.0.1 at 2013-12-28 18:02:20 +0900
Connecting to database specified by database.yml
Connecting to database specified by database.yml

LoadError (Please install the sqlite3 adapter: `gem install activerecord-sqlite3-adapter` (sqlite3 is not part of the bundle. Add it to Gemfile.)):
  bundler (1.3.5) lib/bundler/rubygems_integration.rb:214:in `block in replace_gem'
  activerecord (3.2.16) lib/active_record/connection_adapters/sqlite3_adapter.rb:3:in `<top (required)>'
  activesupport (3.2.16) lib/active_support/dependencies.rb:251:in `require'
  activesupport (3.2.16) lib/active_support/dependencies.rb:251:in `block in require'
  activesupport (3.2.16) lib/active_support/dependencies.rb:236:in `load_dependency'
  activesupport (3.2.16) lib/active_support/dependencies.rb:251:in `require'
  activerecord (3.2.16) lib/active_record/connection_adapters/abstract/connection_specification.rb:50:in `resolve_hash_connection'
  activerecord (3.2.16) lib/active_record/connection_adapters/abstract/connection_specification.rb:41:in `resolve_string_connection'
  activerecord (3.2.16) lib/active_record/connection_adapters/abstract/connection_specification.rb:25:in `spec'
  activerecord (3.2.16) lib/active_record/connection_adapters/abstract/connection_specification.rb:130:in `establish_connection'
  activerecord (3.2.16) lib/active_record/railtie.rb:88:in `block (2 levels) in <class:Railtie>'
  activesupport (3.2.16) lib/active_support/lazy_load_hooks.rb:36:in `instance_eval'
  activesupport (3.2.16) lib/active_support/lazy_load_hooks.rb:36:in `execute_hook'
  activesupport (3.2.16) lib/active_support/lazy_load_hooks.rb:43:in `block in run_load_hooks'
  activesupport (3.2.16) lib/active_support/lazy_load_hooks.rb:42:in `each'
  activesupport (3.2.16) lib/active_support/lazy_load_hooks.rb:42:in `run_load_hooks'
  activerecord (3.2.16) lib/active_record/base.rb:720:in `<top (required)>'
  activerecord (3.2.16) lib/active_record/query_cache.rb:67:in `rescue in call'
  activerecord (3.2.16) lib/active_record/query_cache.rb:61:in `call'
  activerecord (3.2.16) lib/active_record/connection_adapters/abstract/connection_pool.rb:479:in `call'
  actionpack (3.2.16) lib/action_dispatch/middleware/callbacks.rb:28:in `block in call'
  activesupport (3.2.16) lib/active_support/callbacks.rb:405:in `_run__925897404973486963__call__2039304047673066893__callbacks'
  activesupport (3.2.16) lib/active_support/callbacks.rb:405:in `__run_callback'
  activesupport (3.2.16) lib/active_support/callbacks.rb:385:in `_run_call_callbacks'
  activesupport (3.2.16) lib/active_support/callbacks.rb:81:in `run_callbacks'
  actionpack (3.2.16) lib/action_dispatch/middleware/callbacks.rb:27:in `call'
  actionpack (3.2.16) lib/action_dispatch/middleware/reloader.rb:65:in `call'
  actionpack (3.2.16) lib/action_dispatch/middleware/remote_ip.rb:31:in `call'
  actionpack (3.2.16) lib/action_dispatch/middleware/debug_exceptions.rb:16:in `call'
  actionpack (3.2.16) lib/action_dispatch/middleware/show_exceptions.rb:56:in `call'
  railties (3.2.16) lib/rails/rack/logger.rb:32:in `call_app'
  railties (3.2.16) lib/rails/rack/logger.rb:16:in `block in call'
  activesupport (3.2.16) lib/active_support/tagged_logging.rb:22:in `tagged'
  railties (3.2.16) lib/rails/rack/logger.rb:16:in `call'
  actionpack (3.2.16) lib/action_dispatch/middleware/request_id.rb:22:in `call'
  rack (1.4.5) lib/rack/methodoverride.rb:21:in `call'
  rack (1.4.5) lib/rack/runtime.rb:17:in `call'
  activesupport (3.2.16) lib/active_support/cache/strategy/local_cache.rb:72:in `call'
  rack (1.4.5) lib/rack/lock.rb:15:in `call'
  actionpack (3.2.16) lib/action_dispatch/middleware/static.rb:63:in `call'
  railties (3.2.16) lib/rails/engine.rb:484:in `call'
  railties (3.2.16) lib/rails/application.rb:231:in `call'
  rack (1.4.5) lib/rack/content_length.rb:14:in `call'
  railties (3.2.16) lib/rails/rack/log_tailer.rb:17:in `call'
  rack (1.4.5) lib/rack/handler/webrick.rb:59:in `service'
  /Users/btsai/.rvm/rubies/ruby-2.0.0-p247/lib/ruby/2.0.0/webrick/httpserver.rb:138:in `service'
  /Users/btsai/.rvm/rubies/ruby-2.0.0-p247/lib/ruby/2.0.0/webrick/httpserver.rb:94:in `run'
  /Users/btsai/.rvm/rubies/ruby-2.0.0-p247/lib/ruby/2.0.0/webrick/server.rb:295:in `block in start_thread'


  Rendered /Users/btsai/.rvm/gems/ruby-2.0.0-p247/gems/actionpack-3.2.16/lib/action_dispatch/middleware/templates/rescues/_trace.erb (0.8ms)
  Rendered /Users/btsai/.rvm/gems/ruby-2.0.0-p247/gems/actionpack-3.2.16/lib/action_dispatch/middleware/templates/rescues/_request_and_response.erb (0.7ms)
  Rendered /Users/btsai/.rvm/gems/ruby-2.0.0-p247/gems/actionpack-3.2.16/lib/action_dispatch/middleware/templates/rescues/diagnostics.erb within rescues/layout (5.9ms)
Connecting to database specified by database.yml


Started GET "/" for 127.0.0.1 at 2013-12-28 18:02:21 +0900
Connecting to database specified by database.yml
Connecting to database specified by database.yml

LoadError (Please install the sqlite3 adapter: `gem install activerecord-sqlite3-adapter` (sqlite3 is not part of the bundle. Add it to Gemfile.)):
  bundler (1.3.5) lib/bundler/rubygems_integration.rb:214:in `block in replace_gem'
  activerecord (3.2.16) lib/active_record/connection_adapters/sqlite3_adapter.rb:3:in `<top (required)>'
  activesupport (3.2.16) lib/active_support/dependencies.rb:251:in `require'
  activesupport (3.2.16) lib/active_support/dependencies.rb:251:in `block in require'
  activesupport (3.2.16) lib/active_support/dependencies.rb:236:in `load_dependency'
  activesupport (3.2.16) lib/active_support/dependencies.rb:251:in `require'
  activerecord (3.2.16) lib/active_record/connection_adapters/abstract/connection_specification.rb:50:in `resolve_hash_connection'
  activerecord (3.2.16) lib/active_record/connection_adapters/abstract/connection_specification.rb:41:in `resolve_string_connection'
  activerecord (3.2.16) lib/active_record/connection_adapters/abstract/connection_specification.rb:25:in `spec'
  activerecord (3.2.16) lib/active_record/connection_adapters/abstract/connection_specification.rb:130:in `establish_connection'
  activerecord (3.2.16) lib/active_record/railtie.rb:88:in `block (2 levels) in <class:Railtie>'
  activesupport (3.2.16) lib/active_support/lazy_load_hooks.rb:36:in `instance_eval'
  activesupport (3.2.16) lib/active_support/lazy_load_hooks.rb:36:in `execute_hook'
  activesupport (3.2.16) lib/active_support/lazy_load_hooks.rb:43:in `block in run_load_hooks'
  activesupport (3.2.16) lib/active_support/lazy_load_hooks.rb:42:in `each'
  activesupport (3.2.16) lib/active_support/lazy_load_hooks.rb:42:in `run_load_hooks'
  activerecord (3.2.16) lib/active_record/base.rb:720:in `<top (required)>'
  activerecord (3.2.16) lib/active_record/query_cache.rb:67:in `rescue in call'
  activerecord (3.2.16) lib/active_record/query_cache.rb:61:in `call'
  activerecord (3.2.16) lib/active_record/connection_adapters/abstract/connection_pool.rb:479:in `call'
  actionpack (3.2.16) lib/action_dispatch/middleware/callbacks.rb:28:in `block in call'
  activesupport (3.2.16) lib/active_support/callbacks.rb:405:in `_run__925897404973486963__call__2039304047673066893__callbacks'
  activesupport (3.2.16) lib/active_support/callbacks.rb:405:in `__run_callback'
  activesupport (3.2.16) lib/active_support/callbacks.rb:385:in `_run_call_callbacks'
  activesupport (3.2.16) lib/active_support/callbacks.rb:81:in `run_callbacks'
  actionpack (3.2.16) lib/action_dispatch/middleware/callbacks.rb:27:in `call'
  actionpack (3.2.16) lib/action_dispatch/middleware/reloader.rb:65:in `call'
  actionpack (3.2.16) lib/action_dispatch/middleware/remote_ip.rb:31:in `call'
  actionpack (3.2.16) lib/action_dispatch/middleware/debug_exceptions.rb:16:in `call'
  actionpack (3.2.16) lib/action_dispatch/middleware/show_exceptions.rb:56:in `call'
  railties (3.2.16) lib/rails/rack/logger.rb:32:in `call_app'
  railties (3.2.16) lib/rails/rack/logger.rb:16:in `block in call'
  activesupport (3.2.16) lib/active_support/tagged_logging.rb:22:in `tagged'
  railties (3.2.16) lib/rails/rack/logger.rb:16:in `call'
  actionpack (3.2.16) lib/action_dispatch/middleware/request_id.rb:22:in `call'
  rack (1.4.5) lib/rack/methodoverride.rb:21:in `call'
  rack (1.4.5) lib/rack/runtime.rb:17:in `call'
  activesupport (3.2.16) lib/active_support/cache/strategy/local_cache.rb:72:in `call'
  rack (1.4.5) lib/rack/lock.rb:15:in `call'
  actionpack (3.2.16) lib/action_dispatch/middleware/static.rb:63:in `call'
  railties (3.2.16) lib/rails/engine.rb:484:in `call'
  railties (3.2.16) lib/rails/application.rb:231:in `call'
  rack (1.4.5) lib/rack/content_length.rb:14:in `call'
  railties (3.2.16) lib/rails/rack/log_tailer.rb:17:in `call'
  rack (1.4.5) lib/rack/handler/webrick.rb:59:in `service'
  /Users/btsai/.rvm/rubies/ruby-2.0.0-p247/lib/ruby/2.0.0/webrick/httpserver.rb:138:in `service'
  /Users/btsai/.rvm/rubies/ruby-2.0.0-p247/lib/ruby/2.0.0/webrick/httpserver.rb:94:in `run'
  /Users/btsai/.rvm/rubies/ruby-2.0.0-p247/lib/ruby/2.0.0/webrick/server.rb:295:in `block in start_thread'


  Rendered /Users/btsai/.rvm/gems/ruby-2.0.0-p247/gems/actionpack-3.2.16/lib/action_dispatch/middleware/templates/rescues/_trace.erb (1.1ms)
  Rendered /Users/btsai/.rvm/gems/ruby-2.0.0-p247/gems/actionpack-3.2.16/lib/action_dispatch/middleware/templates/rescues/_request_and_response.erb (0.8ms)
  Rendered /Users/btsai/.rvm/gems/ruby-2.0.0-p247/gems/actionpack-3.2.16/lib/action_dispatch/middleware/templates/rescues/diagnostics.erb within rescues/layout (7.5ms)
Connecting to database specified by database.yml


Started GET "/" for 127.0.0.1 at 2013-12-28 18:02:21 +0900
Connecting to database specified by database.yml
Connecting to database specified by database.yml

LoadError (Please install the sqlite3 adapter: `gem install activerecord-sqlite3-adapter` (sqlite3 is not part of the bundle. Add it to Gemfile.)):
  bundler (1.3.5) lib/bundler/rubygems_integration.rb:214:in `block in replace_gem'
  activerecord (3.2.16) lib/active_record/connection_adapters/sqlite3_adapter.rb:3:in `<top (required)>'
  activesupport (3.2.16) lib/active_support/dependencies.rb:251:in `require'
  activesupport (3.2.16) lib/active_support/dependencies.rb:251:in `block in require'
  activesupport (3.2.16) lib/active_support/dependencies.rb:236:in `load_dependency'
  activesupport (3.2.16) lib/active_support/dependencies.rb:251:in `require'
  activerecord (3.2.16) lib/active_record/connection_adapters/abstract/connection_specification.rb:50:in `resolve_hash_connection'
  activerecord (3.2.16) lib/active_record/connection_adapters/abstract/connection_specification.rb:41:in `resolve_string_connection'
  activerecord (3.2.16) lib/active_record/connection_adapters/abstract/connection_specification.rb:25:in `spec'
  activerecord (3.2.16) lib/active_record/connection_adapters/abstract/connection_specification.rb:130:in `establish_connection'
  activerecord (3.2.16) lib/active_record/railtie.rb:88:in `block (2 levels) in <class:Railtie>'
  activesupport (3.2.16) lib/active_support/lazy_load_hooks.rb:36:in `instance_eval'
  activesupport (3.2.16) lib/active_support/lazy_load_hooks.rb:36:in `execute_hook'
  activesupport (3.2.16) lib/active_support/lazy_load_hooks.rb:43:in `block in run_load_hooks'
  activesupport (3.2.16) lib/active_support/lazy_load_hooks.rb:42:in `each'
  activesupport (3.2.16) lib/active_support/lazy_load_hooks.rb:42:in `run_load_hooks'
  activerecord (3.2.16) lib/active_record/base.rb:720:in `<top (required)>'
  activerecord (3.2.16) lib/active_record/query_cache.rb:67:in `rescue in call'
  activerecord (3.2.16) lib/active_record/query_cache.rb:61:in `call'
  activerecord (3.2.16) lib/active_record/connection_adapters/abstract/connection_pool.rb:479:in `call'
  actionpack (3.2.16) lib/action_dispatch/middleware/callbacks.rb:28:in `block in call'
  activesupport (3.2.16) lib/active_support/callbacks.rb:405:in `_run__925897404973486963__call__2039304047673066893__callbacks'
  activesupport (3.2.16) lib/active_support/callbacks.rb:405:in `__run_callback'
  activesupport (3.2.16) lib/active_support/callbacks.rb:385:in `_run_call_callbacks'
  activesupport (3.2.16) lib/active_support/callbacks.rb:81:in `run_callbacks'
  actionpack (3.2.16) lib/action_dispatch/middleware/callbacks.rb:27:in `call'
  actionpack (3.2.16) lib/action_dispatch/middleware/reloader.rb:65:in `call'
  actionpack (3.2.16) lib/action_dispatch/middleware/remote_ip.rb:31:in `call'
  actionpack (3.2.16) lib/action_dispatch/middleware/debug_exceptions.rb:16:in `call'
  actionpack (3.2.16) lib/action_dispatch/middleware/show_exceptions.rb:56:in `call'
  railties (3.2.16) lib/rails/rack/logger.rb:32:in `call_app'
  railties (3.2.16) lib/rails/rack/logger.rb:16:in `block in call'
  activesupport (3.2.16) lib/active_support/tagged_logging.rb:22:in `tagged'
  railties (3.2.16) lib/rails/rack/logger.rb:16:in `call'
  actionpack (3.2.16) lib/action_dispatch/middleware/request_id.rb:22:in `call'
  rack (1.4.5) lib/rack/methodoverride.rb:21:in `call'
  rack (1.4.5) lib/rack/runtime.rb:17:in `call'
  activesupport (3.2.16) lib/active_support/cache/strategy/local_cache.rb:72:in `call'
  rack (1.4.5) lib/rack/lock.rb:15:in `call'
  actionpack (3.2.16) lib/action_dispatch/middleware/static.rb:63:in `call'
  railties (3.2.16) lib/rails/engine.rb:484:in `call'
  railties (3.2.16) lib/rails/application.rb:231:in `call'
  rack (1.4.5) lib/rack/content_length.rb:14:in `call'
  railties (3.2.16) lib/rails/rack/log_tailer.rb:17:in `call'
  rack (1.4.5) lib/rack/handler/webrick.rb:59:in `service'
  /Users/btsai/.rvm/rubies/ruby-2.0.0-p247/lib/ruby/2.0.0/webrick/httpserver.rb:138:in `service'
  /Users/btsai/.rvm/rubies/ruby-2.0.0-p247/lib/ruby/2.0.0/webrick/httpserver.rb:94:in `run'
  /Users/btsai/.rvm/rubies/ruby-2.0.0-p247/lib/ruby/2.0.0/webrick/server.rb:295:in `block in start_thread'


  Rendered /Users/btsai/.rvm/gems/ruby-2.0.0-p247/gems/actionpack-3.2.16/lib/action_dispatch/middleware/templates/rescues/_trace.erb (1.3ms)
  Rendered /Users/btsai/.rvm/gems/ruby-2.0.0-p247/gems/actionpack-3.2.16/lib/action_dispatch/middleware/templates/rescues/_request_and_response.erb (0.9ms)
  Rendered /Users/btsai/.rvm/gems/ruby-2.0.0-p247/gems/actionpack-3.2.16/lib/action_dispatch/middleware/templates/rescues/diagnostics.erb within rescues/layout (7.7ms)
Connecting to database specified by database.yml


Started GET "/" for 127.0.0.1 at 2013-12-28 18:03:24 +0900
Connecting to database specified by database.yml

ActionController::RoutingError (No route matches [GET] "/"):
  actionpack (3.2.16) lib/action_dispatch/middleware/debug_exceptions.rb:21:in `call'
  actionpack (3.2.16) lib/action_dispatch/middleware/show_exceptions.rb:56:in `call'
  railties (3.2.16) lib/rails/rack/logger.rb:32:in `call_app'
  railties (3.2.16) lib/rails/rack/logger.rb:16:in `block in call'
  activesupport (3.2.16) lib/active_support/tagged_logging.rb:22:in `tagged'
  railties (3.2.16) lib/rails/rack/logger.rb:16:in `call'
  actionpack (3.2.16) lib/action_dispatch/middleware/request_id.rb:22:in `call'
  rack (1.4.5) lib/rack/methodoverride.rb:21:in `call'
  rack (1.4.5) lib/rack/runtime.rb:17:in `call'
  activesupport (3.2.16) lib/active_support/cache/strategy/local_cache.rb:72:in `call'
  rack (1.4.5) lib/rack/lock.rb:15:in `call'
  actionpack (3.2.16) lib/action_dispatch/middleware/static.rb:63:in `call'
  railties (3.2.16) lib/rails/engine.rb:484:in `call'
  railties (3.2.16) lib/rails/application.rb:231:in `call'
  rack (1.4.5) lib/rack/content_length.rb:14:in `call'
  railties (3.2.16) lib/rails/rack/log_tailer.rb:17:in `call'
  rack (1.4.5) lib/rack/handler/webrick.rb:59:in `service'
  /Users/btsai/.rvm/rubies/ruby-2.0.0-p247/lib/ruby/2.0.0/webrick/httpserver.rb:138:in `service'
  /Users/btsai/.rvm/rubies/ruby-2.0.0-p247/lib/ruby/2.0.0/webrick/httpserver.rb:94:in `run'
  /Users/btsai/.rvm/rubies/ruby-2.0.0-p247/lib/ruby/2.0.0/webrick/server.rb:295:in `block in start_thread'


  Rendered /Users/btsai/.rvm/gems/ruby-2.0.0-p247/gems/actionpack-3.2.16/lib/action_dispatch/middleware/templates/rescues/routing_error.erb within rescues/layout (0.9ms)


Started GET "/" for 127.0.0.1 at 2013-12-28 18:03:50 +0900

ActionController::RoutingError (No route matches [GET] "/"):
  actionpack (3.2.16) lib/action_dispatch/middleware/debug_exceptions.rb:21:in `call'
  actionpack (3.2.16) lib/action_dispatch/middleware/show_exceptions.rb:56:in `call'
  railties (3.2.16) lib/rails/rack/logger.rb:32:in `call_app'
  railties (3.2.16) lib/rails/rack/logger.rb:16:in `block in call'
  activesupport (3.2.16) lib/active_support/tagged_logging.rb:22:in `tagged'
  railties (3.2.16) lib/rails/rack/logger.rb:16:in `call'
  actionpack (3.2.16) lib/action_dispatch/middleware/request_id.rb:22:in `call'
  rack (1.4.5) lib/rack/methodoverride.rb:21:in `call'
  rack (1.4.5) lib/rack/runtime.rb:17:in `call'
  activesupport (3.2.16) lib/active_support/cache/strategy/local_cache.rb:72:in `call'
  rack (1.4.5) lib/rack/lock.rb:15:in `call'
  actionpack (3.2.16) lib/action_dispatch/middleware/static.rb:63:in `call'
  railties (3.2.16) lib/rails/engine.rb:484:in `call'
  railties (3.2.16) lib/rails/application.rb:231:in `call'
  rack (1.4.5) lib/rack/content_length.rb:14:in `call'
  railties (3.2.16) lib/rails/rack/log_tailer.rb:17:in `call'
  rack (1.4.5) lib/rack/handler/webrick.rb:59:in `service'
  /Users/btsai/.rvm/rubies/ruby-2.0.0-p247/lib/ruby/2.0.0/webrick/httpserver.rb:138:in `service'
  /Users/btsai/.rvm/rubies/ruby-2.0.0-p247/lib/ruby/2.0.0/webrick/httpserver.rb:94:in `run'
  /Users/btsai/.rvm/rubies/ruby-2.0.0-p247/lib/ruby/2.0.0/webrick/server.rb:295:in `block in start_thread'


  Rendered /Users/btsai/.rvm/gems/ruby-2.0.0-p247/gems/actionpack-3.2.16/lib/action_dispatch/middleware/templates/rescues/routing_error.erb within rescues/layout (0.8ms)


Started GET "/" for 127.0.0.1 at 2013-12-28 18:03:51 +0900

ActionController::RoutingError (No route matches [GET] "/"):
  actionpack (3.2.16) lib/action_dispatch/middleware/debug_exceptions.rb:21:in `call'
  actionpack (3.2.16) lib/action_dispatch/middleware/show_exceptions.rb:56:in `call'
  railties (3.2.16) lib/rails/rack/logger.rb:32:in `call_app'
  railties (3.2.16) lib/rails/rack/logger.rb:16:in `block in call'
  activesupport (3.2.16) lib/active_support/tagged_logging.rb:22:in `tagged'
  railties (3.2.16) lib/rails/rack/logger.rb:16:in `call'
  actionpack (3.2.16) lib/action_dispatch/middleware/request_id.rb:22:in `call'
  rack (1.4.5) lib/rack/methodoverride.rb:21:in `call'
  rack (1.4.5) lib/rack/runtime.rb:17:in `call'
  activesupport (3.2.16) lib/active_support/cache/strategy/local_cache.rb:72:in `call'
  rack (1.4.5) lib/rack/lock.rb:15:in `call'
  actionpack (3.2.16) lib/action_dispatch/middleware/static.rb:63:in `call'
  railties (3.2.16) lib/rails/engine.rb:484:in `call'
  railties (3.2.16) lib/rails/application.rb:231:in `call'
  rack (1.4.5) lib/rack/content_length.rb:14:in `call'
  railties (3.2.16) lib/rails/rack/log_tailer.rb:17:in `call'
  rack (1.4.5) lib/rack/handler/webrick.rb:59:in `service'
  /Users/btsai/.rvm/rubies/ruby-2.0.0-p247/lib/ruby/2.0.0/webrick/httpserver.rb:138:in `service'
  /Users/btsai/.rvm/rubies/ruby-2.0.0-p247/lib/ruby/2.0.0/webrick/httpserver.rb:94:in `run'
  /Users/btsai/.rvm/rubies/ruby-2.0.0-p247/lib/ruby/2.0.0/webrick/server.rb:295:in `block in start_thread'


  Rendered /Users/btsai/.rvm/gems/ruby-2.0.0-p247/gems/actionpack-3.2.16/lib/action_dispatch/middleware/templates/rescues/routing_error.erb within rescues/layout (0.6ms)


Started GET "/" for 127.0.0.1 at 2013-12-28 18:04:32 +0900
Processing by HomeController#show as HTML
  Rendered home/show.html.erb within layouts/application (0.3ms)
Compiled application.css  (0ms)  (pid 92514)
Compiled jquery.js  (3ms)  (pid 92514)
Compiled jquery_ujs.js  (0ms)  (pid 92514)
Compiled application.js  (39ms)  (pid 92514)
Completed 200 OK in 58.1ms (Views: 57.8ms | ActiveRecord: 0.0ms)


Started GET "/assets/jquery.js?body=1" for 127.0.0.1 at 2013-12-28 18:04:32 +0900
Served asset /jquery.js - 200 OK (5ms)


Started GET "/assets/jquery_ujs.js?body=1" for 127.0.0.1 at 2013-12-28 18:04:32 +0900
Served asset /jquery_ujs.js - 200 OK (2ms)


Started GET "/assets/application.js?body=1" for 127.0.0.1 at 2013-12-28 18:04:32 +0900
Served asset /application.js - 200 OK (2ms)


Started GET "/" for 127.0.0.1 at 2013-12-28 18:06:24 +0900
Processing by HomeController#show as HTML
  Rendered home/show.html.erb within layouts/application (0.0ms)
Completed 200 OK in 2.8ms (Views: 2.6ms | ActiveRecord: 0.0ms)


Started GET "/" for 127.0.0.1 at 2013-12-28 18:06:25 +0900
Processing by HomeController#show as HTML
  Rendered home/show.html.erb within layouts/application (0.0ms)
Completed 200 OK in 1.7ms (Views: 1.6ms | ActiveRecord: 0.0ms)


Started GET "/" for 127.0.0.1 at 2013-12-28 18:06:50 +0900
Processing by HomeController#show as HTML
  Rendered home/show.html.erb within layouts/application (0.0ms)
Completed 200 OK in 1.7ms (Views: 1.6ms | ActiveRecord: 0.0ms)


Started GET "/" for 127.0.0.1 at 2013-12-28 18:06:51 +0900
Processing by HomeController#show as HTML
  Rendered home/show.html.erb within layouts/application (0.0ms)
Completed 200 OK in 1.9ms (Views: 1.8ms | ActiveRecord: 0.0ms)


Started GET "/" for 127.0.0.1 at 2013-12-28 18:06:51 +0900
Processing by HomeController#show as HTML
  Rendered home/show.html.erb within layouts/application (0.0ms)
Completed 200 OK in 1.7ms (Views: 1.6ms | ActiveRecord: 0.0ms)


Started GET "/" for 127.0.0.1 at 2013-12-28 18:06:52 +0900
Processing by HomeController#show as HTML
  Rendered home/show.html.erb within layouts/application (0.1ms)
Completed 200 OK in 2.5ms (Views: 2.4ms | ActiveRecord: 0.0ms)


Started GET "/" for 127.0.0.1 at 2013-12-28 18:06:52 +0900
Processing by HomeController#show as HTML
  Rendered home/show.html.erb within layouts/application (0.0ms)
Completed 200 OK in 2.8ms (Views: 2.7ms | ActiveRecord: 0.0ms)


Started GET "/" for 127.0.0.1 at 2013-12-28 18:06:52 +0900
Processing by HomeController#show as HTML
  Rendered home/show.html.erb within layouts/application (0.0ms)
Completed 200 OK in 1.7ms (Views: 1.6ms | ActiveRecord: 0.0ms)


Started GET "/" for 127.0.0.1 at 2013-12-28 18:06:53 +0900
Processing by HomeController#show as HTML
  Rendered home/show.html.erb within layouts/application (0.0ms)
Completed 200 OK in 1.6ms (Views: 1.5ms | ActiveRecord: 0.0ms)


Started GET "/" for 127.0.0.1 at 2013-12-28 18:06:53 +0900
Processing by HomeController#show as HTML
  Rendered home/show.html.erb within layouts/application (0.0ms)
Completed 200 OK in 2.0ms (Views: 1.9ms | ActiveRecord: 0.0ms)


Started GET "/" for 127.0.0.1 at 2013-12-28 18:06:54 +0900
Processing by HomeController#show as HTML
  Rendered home/show.html.erb within layouts/application (0.0ms)
Completed 200 OK in 2.0ms (Views: 1.9ms | ActiveRecord: 0.0ms)


Started GET "/" for 127.0.0.1 at 2013-12-28 18:06:54 +0900
Processing by HomeController#show as HTML
  Rendered home/show.html.erb within layouts/application (0.0ms)
Completed 200 OK in 2.0ms (Views: 1.9ms | ActiveRecord: 0.0ms)


Started GET "/" for 127.0.0.1 at 2013-12-28 18:06:55 +0900
Processing by HomeController#show as HTML
  Rendered home/show.html.erb within layouts/application (0.0ms)
Completed 200 OK in 2.6ms (Views: 2.5ms | ActiveRecord: 0.0ms)


Started GET "/" for 127.0.0.1 at 2013-12-28 18:06:55 +0900
Processing by HomeController#show as HTML
  Rendered home/show.html.erb within layouts/application (0.0ms)
Completed 200 OK in 1.6ms (Views: 1.6ms | ActiveRecord: 0.0ms)


Started GET "/" for 127.0.0.1 at 2013-12-28 18:06:56 +0900
Processing by HomeController#show as HTML
  Rendered home/show.html.erb within layouts/application (0.0ms)
Completed 200 OK in 2.4ms (Views: 2.3ms | ActiveRecord: 0.0ms)


Started GET "/" for 127.0.0.1 at 2013-12-28 18:06:59 +0900
Processing by HomeController#show as HTML
  Rendered home/show.html.erb within layouts/application (0.0ms)
Completed 200 OK in 2.1ms (Views: 2.0ms | ActiveRecord: 0.0ms)


Started GET "/" for 127.0.0.1 at 2013-12-28 18:07:01 +0900
Processing by HomeController#show as HTML
  Rendered home/show.html.erb within layouts/application (0.0ms)
Completed 200 OK in 2.6ms (Views: 2.4ms | ActiveRecord: 0.0ms)


Started GET "/" for 127.0.0.1 at 2013-12-28 18:07:20 +0900
Processing by HomeController#show as HTML
  Rendered home/show.html.erb within layouts/application (0.0ms)
Completed 200 OK in 1.7ms (Views: 1.6ms | ActiveRecord: 0.0ms)


Started GET "/assets/application.css?body=1" for 127.0.0.1 at 2013-12-28 18:07:20 +0900
Served asset /application.css - 200 OK (1ms)


Started GET "/" for 127.0.0.1 at 2013-12-28 18:07:25 +0900
Processing by HomeController#show as HTML
  Rendered home/show.html.erb within layouts/application (0.0ms)
Completed 200 OK in 1.6ms (Views: 1.6ms | ActiveRecord: 0.0ms)


Started GET "/assets/application.css?body=1" for 127.0.0.1 at 2013-12-28 18:07:25 +0900
Served asset /application.css - 304 Not Modified (0ms)


Started GET "/" for 127.0.0.1 at 2013-12-28 18:07:59 +0900
Processing by HomeController#show as HTML
  Rendered home/show.html.erb within layouts/application (0.0ms)
Completed 200 OK in 2.2ms (Views: 2.1ms | ActiveRecord: 0.0ms)


Started GET "/assets/application.css?body=1" for 127.0.0.1 at 2013-12-28 18:07:59 +0900
Served asset /application.css - 304 Not Modified (0ms)


Started GET "/" for 127.0.0.1 at 2013-12-28 18:08:00 +0900
Processing by HomeController#show as HTML
  Rendered home/show.html.erb within layouts/application (0.0ms)
Completed 200 OK in 1.8ms (Views: 1.7ms | ActiveRecord: 0.0ms)


Started GET "/assets/application.css?body=1" for 127.0.0.1 at 2013-12-28 18:08:00 +0900
Served asset /application.css - 304 Not Modified (0ms)


Started GET "/" for 127.0.0.1 at 2014-01-02 12:21:07 +0900
Connecting to database specified by database.yml
Processing by HomeController#show as HTML
  Rendered home/show.html.erb within layouts/application (0.8ms)
Completed 200 OK in 10.1ms (Views: 9.8ms | ActiveRecord: 0.0ms)


Started GET "/assets/application.css?body=1" for 127.0.0.1 at 2014-01-02 12:21:07 +0900
Served asset /application.css - 200 OK (1ms)


Started GET "/" for 127.0.0.1 at 2014-01-02 12:41:36 +0900
Connecting to database specified by database.yml
Processing by HomeController#show as HTML
  Rendered home/show.html.erb within layouts/application (0.7ms)
Completed 200 OK in 8.3ms (Views: 8.0ms | ActiveRecord: 0.0ms)


Started GET "/assets/application.css?body=1" for 127.0.0.1 at 2014-01-02 12:41:36 +0900
Served asset /application.css - 304 Not Modified (2ms)


Started GET "/" for 127.0.0.1 at 2014-01-02 12:46:29 +0900
Processing by HomeController#show as HTML
  Rendered home/show.html.erb within layouts/application (0.5ms)
Completed 200 OK in 3.3ms (Views: 3.1ms | ActiveRecord: 0.0ms)


Started GET "/assets/application.css?body=1" for 127.0.0.1 at 2014-01-02 12:46:29 +0900
Served asset /application.css - 304 Not Modified (0ms)


Started GET "/assets/timesheet_entry_panel-b8dd9eac7da2dcf6e0ba6871eb24d6e5.js" for 127.0.0.1 at 2014-01-02 12:46:29 +0900
Served asset /timesheet_entry_panel-b8dd9eac7da2dcf6e0ba6871eb24d6e5.js - 404 Not Found (1ms)

ActionController::RoutingError (No route matches [GET] "/assets/timesheet_entry_panel-b8dd9eac7da2dcf6e0ba6871eb24d6e5.js"):
  actionpack (3.2.16) lib/action_dispatch/middleware/debug_exceptions.rb:21:in `call'
  actionpack (3.2.16) lib/action_dispatch/middleware/show_exceptions.rb:56:in `call'
  railties (3.2.16) lib/rails/rack/logger.rb:32:in `call_app'
  railties (3.2.16) lib/rails/rack/logger.rb:16:in `block in call'
  activesupport (3.2.16) lib/active_support/tagged_logging.rb:22:in `tagged'
  railties (3.2.16) lib/rails/rack/logger.rb:16:in `call'
  actionpack (3.2.16) lib/action_dispatch/middleware/request_id.rb:22:in `call'
  rack (1.4.5) lib/rack/methodoverride.rb:21:in `call'
  rack (1.4.5) lib/rack/runtime.rb:17:in `call'
  activesupport (3.2.16) lib/active_support/cache/strategy/local_cache.rb:72:in `call'
  rack (1.4.5) lib/rack/lock.rb:15:in `call'
  rack-livereload (0.3.15) lib/rack/livereload.rb:23:in `_call'
  rack-livereload (0.3.15) lib/rack/livereload.rb:14:in `call'
  actionpack (3.2.16) lib/action_dispatch/middleware/static.rb:63:in `call'
  railties (3.2.16) lib/rails/engine.rb:484:in `call'
  railties (3.2.16) lib/rails/application.rb:231:in `call'
  rack (1.4.5) lib/rack/content_length.rb:14:in `call'
  railties (3.2.16) lib/rails/rack/log_tailer.rb:17:in `call'
  rack (1.4.5) lib/rack/handler/webrick.rb:59:in `service'
  /Users/btsai/.rvm/rubies/ruby-2.0.0-p247/lib/ruby/2.0.0/webrick/httpserver.rb:138:in `service'
  /Users/btsai/.rvm/rubies/ruby-2.0.0-p247/lib/ruby/2.0.0/webrick/httpserver.rb:94:in `run'
  /Users/btsai/.rvm/rubies/ruby-2.0.0-p247/lib/ruby/2.0.0/webrick/server.rb:295:in `block in start_thread'


  Rendered /Users/btsai/.rvm/gems/ruby-2.0.0-p247/gems/actionpack-3.2.16/lib/action_dispatch/middleware/templates/rescues/routing_error.erb within rescues/layout (0.5ms)


Started GET "/" for 127.0.0.1 at 2014-01-02 12:47:09 +0900
Processing by HomeController#show as HTML
  Rendered home/show.html.erb within layouts/application (0.5ms)
Completed 200 OK in 3.2ms (Views: 3.0ms | ActiveRecord: 0.0ms)


Started GET "/assets/application.css?body=1" for 127.0.0.1 at 2014-01-02 12:47:09 +0900
Served asset /application.css - 304 Not Modified (0ms)


Started GET "/" for 127.0.0.1 at 2014-01-02 12:47:11 +0900
Processing by HomeController#show as HTML
  Rendered home/show.html.erb within layouts/application (0.0ms)
Completed 200 OK in 2.6ms (Views: 2.4ms | ActiveRecord: 0.0ms)


Started GET "/assets/application.css?body=1" for 127.0.0.1 at 2014-01-02 12:47:11 +0900
Served asset /application.css - 304 Not Modified (0ms)


Started GET "/" for 127.0.0.1 at 2014-01-02 12:47:35 +0900
Processing by HomeController#show as HTML
  Rendered home/show.html.erb within layouts/application (0.0ms)
Completed 200 OK in 1.7ms (Views: 1.6ms | ActiveRecord: 0.0ms)


Started GET "/assets/application.css?body=1" for 127.0.0.1 at 2014-01-02 12:47:35 +0900
Served asset /application.css - 304 Not Modified (0ms)


Started GET "/" for 127.0.0.1 at 2014-01-02 12:47:46 +0900
Processing by HomeController#show as HTML
  Rendered home/show.html.erb within layouts/application (0.1ms)
Completed 200 OK in 2.6ms (Views: 2.5ms | ActiveRecord: 0.0ms)


Started GET "/assets/application.css?body=1" for 127.0.0.1 at 2014-01-02 12:47:46 +0900
Served asset /application.css - 304 Not Modified (0ms)


Started GET "/" for 127.0.0.1 at 2014-01-02 12:49:21 +0900
Processing by HomeController#show as HTML
  Rendered home/show.html.erb within layouts/application (0.0ms)
Completed 200 OK in 2.8ms (Views: 2.7ms | ActiveRecord: 0.0ms)


Started GET "/assets/application.css?body=1" for 127.0.0.1 at 2014-01-02 12:49:21 +0900
Served asset /application.css - 304 Not Modified (0ms)


Started GET "/" for 127.0.0.1 at 2014-01-02 12:54:12 +0900
Connecting to database specified by database.yml
Processing by HomeController#show as HTML
  Rendered home/show.html.erb within layouts/application (1.1ms)
Completed 200 OK in 9.2ms (Views: 8.8ms | ActiveRecord: 0.0ms)


Started GET "/assets/application.css" for 127.0.0.1 at 2014-01-02 12:54:12 +0900
Served asset /application.css - 404 Not Found (2ms)

ActionController::RoutingError (No route matches [GET] "/assets/application.css"):
  actionpack (3.2.16) lib/action_dispatch/middleware/debug_exceptions.rb:21:in `call'
  actionpack (3.2.16) lib/action_dispatch/middleware/show_exceptions.rb:56:in `call'
  railties (3.2.16) lib/rails/rack/logger.rb:32:in `call_app'
  railties (3.2.16) lib/rails/rack/logger.rb:16:in `block in call'
  activesupport (3.2.16) lib/active_support/tagged_logging.rb:22:in `tagged'
  railties (3.2.16) lib/rails/rack/logger.rb:16:in `call'
  actionpack (3.2.16) lib/action_dispatch/middleware/request_id.rb:22:in `call'
  rack (1.4.5) lib/rack/methodoverride.rb:21:in `call'
  rack (1.4.5) lib/rack/runtime.rb:17:in `call'
  activesupport (3.2.16) lib/active_support/cache/strategy/local_cache.rb:72:in `call'
  rack (1.4.5) lib/rack/lock.rb:15:in `call'
  rack-livereload (0.3.15) lib/rack/livereload.rb:23:in `_call'
  rack-livereload (0.3.15) lib/rack/livereload.rb:14:in `call'
  actionpack (3.2.16) lib/action_dispatch/middleware/static.rb:63:in `call'
  railties (3.2.16) lib/rails/engine.rb:484:in `call'
  railties (3.2.16) lib/rails/application.rb:231:in `call'
  rack (1.4.5) lib/rack/content_length.rb:14:in `call'
  railties (3.2.16) lib/rails/rack/log_tailer.rb:17:in `call'
  rack (1.4.5) lib/rack/handler/webrick.rb:59:in `service'
  /Users/btsai/.rvm/rubies/ruby-2.0.0-p247/lib/ruby/2.0.0/webrick/httpserver.rb:138:in `service'
  /Users/btsai/.rvm/rubies/ruby-2.0.0-p247/lib/ruby/2.0.0/webrick/httpserver.rb:94:in `run'
  /Users/btsai/.rvm/rubies/ruby-2.0.0-p247/lib/ruby/2.0.0/webrick/server.rb:295:in `block in start_thread'


  Rendered /Users/btsai/.rvm/gems/ruby-2.0.0-p247/gems/actionpack-3.2.16/lib/action_dispatch/middleware/templates/rescues/routing_error.erb within rescues/layout (0.7ms)


Started GET "/" for 127.0.0.1 at 2014-01-02 13:02:26 +0900
Processing by HomeController#show as HTML
  Rendered home/show.html.erb within layouts/application (0.0ms)
Completed 200 OK in 3.2ms (Views: 3.1ms | ActiveRecord: 0.0ms)


Started GET "/" for 127.0.0.1 at 2014-01-02 13:06:15 +0900
Processing by HomeController#show as HTML
  Rendered home/show.html.erb within layouts/application (0.0ms)
Completed 200 OK in 5.3ms (Views: 5.1ms | ActiveRecord: 0.0ms)


Started GET "/" for 127.0.0.1 at 2014-01-02 13:09:06 +0900
Processing by HomeController#show as HTML
  Rendered home/show.html.erb within layouts/application (0.0ms)
Completed 200 OK in 3.1ms (Views: 3.0ms | ActiveRecord: 0.0ms)


Started GET "/" for 127.0.0.1 at 2014-01-02 13:45:47 +0900
Processing by HomeController#show as HTML
  Rendered home/show.html.erb within layouts/application (0.0ms)
Completed 200 OK in 4.6ms (Views: 4.4ms | ActiveRecord: 0.0ms)


Started GET "/" for 127.0.0.1 at 2014-01-02 13:45:49 +0900
Processing by HomeController#show as HTML
  Rendered home/show.html.erb within layouts/application (0.0ms)
Completed 200 OK in 3.5ms (Views: 3.4ms | ActiveRecord: 0.0ms)


Started GET "/" for 127.0.0.1 at 2014-01-02 13:46:39 +0900
Processing by HomeController#show as HTML
  Rendered home/show.html.erb within layouts/application (0.0ms)
Completed 200 OK in 3.6ms (Views: 3.5ms | ActiveRecord: 0.0ms)


Started GET "/" for 127.0.0.1 at 2014-01-02 13:48:57 +0900
Processing by HomeController#show as HTML
  Rendered home/show.html.erb within layouts/application (0.0ms)
Completed 200 OK in 3.2ms (Views: 3.1ms | ActiveRecord: 0.0ms)


Started GET "/" for 127.0.0.1 at 2014-01-02 13:50:01 +0900
Processing by HomeController#show as HTML
  Rendered home/show.html.erb within layouts/application (0.0ms)
Completed 200 OK in 4.0ms (Views: 3.9ms | ActiveRecord: 0.0ms)


Started GET "/" for 127.0.0.1 at 2014-01-02 13:50:07 +0900
Processing by HomeController#show as HTML
  Rendered home/show.html.erb within layouts/application (0.0ms)
Completed 200 OK in 3.3ms (Views: 3.2ms | ActiveRecord: 0.0ms)


Started GET "/" for 127.0.0.1 at 2014-01-02 13:50:18 +0900
Processing by HomeController#show as HTML
  Rendered home/show.html.erb within layouts/application (0.0ms)
Completed 200 OK in 6.5ms (Views: 6.4ms | ActiveRecord: 0.0ms)


Started GET "/" for 127.0.0.1 at 2014-01-02 14:03:32 +0900
Processing by HomeController#show as HTML
  Rendered home/show.html.erb within layouts/application (0.0ms)
Completed 200 OK in 4.2ms (Views: 4.1ms | ActiveRecord: 0.0ms)


Started GET "/" for 127.0.0.1 at 2014-01-02 14:03:38 +0900
Processing by HomeController#show as HTML
  Rendered home/show.html.erb within layouts/application (0.0ms)
Completed 200 OK in 3.1ms (Views: 3.0ms | ActiveRecord: 0.0ms)


Started GET "/" for 127.0.0.1 at 2014-01-02 14:03:53 +0900
Processing by HomeController#show as HTML
  Rendered home/show.html.erb within layouts/application (0.0ms)
Completed 200 OK in 2.8ms (Views: 2.7ms | ActiveRecord: 0.0ms)


Started GET "/" for 127.0.0.1 at 2014-01-02 14:04:16 +0900
Processing by HomeController#show as HTML
  Rendered home/show.html.erb within layouts/application (0.0ms)
Completed 200 OK in 3.6ms (Views: 3.4ms | ActiveRecord: 0.0ms)


Started GET "/" for 127.0.0.1 at 2014-01-02 14:25:25 +0900
Processing by HomeController#show as HTML
  Rendered home/show.html.erb within layouts/application (0.0ms)
Completed 200 OK in 3.4ms (Views: 3.3ms | ActiveRecord: 0.0ms)


Started GET "/" for 127.0.0.1 at 2014-01-02 20:20:39 +0900
Processing by HomeController#show as HTML
  Rendered home/show.html.erb within layouts/application (0.5ms)
Completed 200 OK in 56.5ms (Views: 51.6ms | ActiveRecord: 0.0ms)


Started GET "/" for 127.0.0.1 at 2014-01-02 20:22:55 +0900
Processing by HomeController#show as HTML
  Rendered home/show.html.erb within layouts/application (0.0ms)
Completed 200 OK in 10.9ms (Views: 10.7ms | ActiveRecord: 0.0ms)


Started GET "/" for 127.0.0.1 at 2014-01-02 20:23:02 +0900
Processing by HomeController#show as HTML
  Rendered home/show.html.erb within layouts/application (0.0ms)
Completed 200 OK in 5.6ms (Views: 5.5ms | ActiveRecord: 0.0ms)


Started GET "/" for 127.0.0.1 at 2014-01-02 20:23:24 +0900
Processing by HomeController#show as HTML
  Rendered home/show.html.erb within layouts/application (0.0ms)
Completed 200 OK in 4.2ms (Views: 4.1ms | ActiveRecord: 0.0ms)


Started GET "/" for 127.0.0.1 at 2014-01-03 00:00:24 +0900
Processing by HomeController#show as HTML
  Rendered home/show.html.erb within layouts/application (0.6ms)
Completed 200 OK in 38.4ms (Views: 35.3ms | ActiveRecord: 0.0ms)


Started GET "/" for 127.0.0.1 at 2014-01-03 00:00:44 +0900
Processing by HomeController#show as HTML
  Rendered home/show.html.erb within layouts/application (0.1ms)
Completed 200 OK in 9.5ms (Views: 9.3ms | ActiveRecord: 0.0ms)


Started GET "/" for 127.0.0.1 at 2014-01-03 00:01:14 +0900
Processing by HomeController#show as HTML
  Rendered home/show.html.erb within layouts/application (0.0ms)
Completed 200 OK in 3.9ms (Views: 3.8ms | ActiveRecord: 0.0ms)


Started GET "/" for 127.0.0.1 at 2014-01-03 00:03:06 +0900
Processing by HomeController#show as HTML
  Rendered home/show.html.erb within layouts/application (0.0ms)
Completed 200 OK in 3.4ms (Views: 3.3ms | ActiveRecord: 0.0ms)


Started GET "/" for 127.0.0.1 at 2014-01-03 00:18:15 +0900
Processing by HomeController#show as HTML
  Rendered home/show.html.erb within layouts/application (0.0ms)
Completed 200 OK in 5.3ms (Views: 5.1ms | ActiveRecord: 0.0ms)


Started GET "/" for 127.0.0.1 at 2014-01-04 09:43:55 +0900
Connecting to database specified by database.yml
Processing by HomeController#show as HTML
  Rendered home/show.html.erb within layouts/application (1.2ms)
Completed 200 OK in 10.7ms (Views: 10.3ms | ActiveRecord: 0.0ms)


Started GET "/" for 127.0.0.1 at 2014-01-04 09:45:10 +0900
Processing by HomeController#show as HTML
  Rendered home/show.html.erb within layouts/application (0.1ms)
Completed 200 OK in 7.3ms (Views: 7.1ms | ActiveRecord: 0.0ms)


Started GET "/" for 127.0.0.1 at 2014-01-04 09:45:41 +0900
Processing by HomeController#show as HTML
  Rendered home/show.html.erb within layouts/application (0.0ms)
Completed 200 OK in 5.4ms (Views: 5.3ms | ActiveRecord: 0.0ms)


Started GET "/" for 127.0.0.1 at 2014-01-04 23:36:03 +0900
Processing by HomeController#show as HTML
  Rendered home/show.html.erb within layouts/application (1.4ms)
Completed 200 OK in 85.5ms (Views: 73.1ms | ActiveRecord: 0.0ms)


Started GET "/" for 127.0.0.1 at 2014-01-04 23:36:10 +0900
Processing by HomeController#show as HTML
  Rendered home/show.html.erb within layouts/application (0.0ms)
Completed 200 OK in 5.8ms (Views: 5.7ms | ActiveRecord: 0.0ms)


Started GET "/" for 127.0.0.1 at 2014-01-04 23:36:16 +0900
Processing by HomeController#show as HTML
  Rendered home/show.html.erb within layouts/application (0.0ms)
Completed 200 OK in 3.1ms (Views: 3.0ms | ActiveRecord: 0.0ms)


Started GET "/" for 127.0.0.1 at 2014-01-04 23:38:53 +0900
Processing by HomeController#show as HTML
  Rendered home/show.html.erb within layouts/application (0.0ms)
Completed 200 OK in 3.5ms (Views: 3.3ms | ActiveRecord: 0.0ms)


Started GET "/" for 127.0.0.1 at 2014-01-05 06:30:27 +0900
Processing by HomeController#show as HTML
  Rendered home/show.html.erb within layouts/application (1.5ms)
Completed 200 OK in 51.1ms (Views: 46.1ms | ActiveRecord: 0.0ms)


Started GET "/" for 127.0.0.1 at 2014-01-05 06:31:59 +0900
Processing by HomeController#show as HTML
  Rendered home/show.html.erb within layouts/application (0.0ms)
Completed 200 OK in 5.8ms (Views: 5.6ms | ActiveRecord: 0.0ms)


Started GET "/" for 127.0.0.1 at 2014-01-05 06:38:37 +0900
Processing by HomeController#show as HTML
  Rendered home/show.html.erb within layouts/application (0.0ms)
Completed 200 OK in 4.3ms (Views: 4.2ms | ActiveRecord: 0.0ms)


Started GET "/" for 127.0.0.1 at 2014-01-05 06:39:40 +0900
Connecting to database specified by database.yml
Processing by HomeController#show as HTML
  Rendered home/show.html.erb within layouts/application (1.8ms)
Compiled foundation.css  (1501ms)  (pid 40827)
Compiled application.css  (4283ms)  (pid 40827)
Completed 200 OK in 4358.4ms (Views: 4357.8ms | ActiveRecord: 0.0ms)


Started GET "/assets/foundation.css?body=1" for 127.0.0.1 at 2014-01-05 06:39:44 +0900
Served asset /foundation.css - 200 OK (6ms)


Started GET "/" for 127.0.0.1 at 2014-01-05 06:39:47 +0900
Processing by HomeController#show as HTML
  Rendered home/show.html.erb within layouts/application (0.0ms)
Completed 200 OK in 2.6ms (Views: 2.5ms | ActiveRecord: 0.0ms)


Started GET "/assets/foundation.css?body=1" for 127.0.0.1 at 2014-01-05 06:39:47 +0900
Served asset /foundation.css - 304 Not Modified (0ms)


Started GET "/assets/foundation.css?body=1&livereload=1388871655639" for 127.0.0.1 at 2014-01-05 06:40:55 +0900
Served asset /foundation.css - 200 OK (0ms)


Started GET "/" for 127.0.0.1 at 2014-01-05 06:42:47 +0900
Connecting to database specified by database.yml
Processing by HomeController#show as HTML
  Rendered home/show.html.erb within layouts/application (1.8ms)
Compiled application.css  (1758ms)  (pid 40995)
Completed 200 OK in 1860.2ms (Views: 1859.8ms | ActiveRecord: 0.0ms)


Started GET "/assets/foundation.css?body=1" for 127.0.0.1 at 2014-01-05 06:42:49 +0900
Served asset /foundation.css - 304 Not Modified (5ms)


Started GET "/assets/foundation.css?body=1&livereload=1388871781430" for 127.0.0.1 at 2014-01-05 06:43:01 +0900
Served asset /foundation.css - 200 OK (0ms)


Started GET "/" for 127.0.0.1 at 2014-01-05 06:43:20 +0900
Processing by HomeController#show as HTML
  Rendered home/show.html.erb within layouts/application (0.0ms)
Compiled application.css  (1458ms)  (pid 40995)
Completed 200 OK in 1535.4ms (Views: 1535.2ms | ActiveRecord: 0.0ms)


Started GET "/assets/foundation.css?body=1" for 127.0.0.1 at 2014-01-05 06:43:21 +0900
Served asset /foundation.css - 304 Not Modified (0ms)


Started GET "/assets/foundation.css?body=1&livereload=1388871821291" for 127.0.0.1 at 2014-01-05 06:43:41 +0900
Served asset /foundation.css - 200 OK (0ms)


Started GET "/assets/foundation.css?body=1&livereload=1388872197233" for 127.0.0.1 at 2014-01-05 06:49:57 +0900
Served asset /foundation.css - 200 OK (0ms)


Started GET "/" for 127.0.0.1 at 2014-01-05 06:52:17 +0900
Processing by HomeController#show as HTML
  Rendered home/show.html.erb within layouts/application (0.0ms)
Completed 200 OK in 2.8ms (Views: 2.6ms | ActiveRecord: 0.0ms)


Started GET "/assets/foundation.css?body=1" for 127.0.0.1 at 2014-01-05 06:52:17 +0900
Served asset /foundation.css - 304 Not Modified (0ms)


Started GET "/assets/foundation.css?body=1&livereload=1388872360670" for 127.0.0.1 at 2014-01-05 06:52:40 +0900
Served asset /foundation.css - 200 OK (0ms)


Started GET "/assets/foundation.css?body=1&livereload=1388872614800" for 127.0.0.1 at 2014-01-05 06:56:54 +0900
Served asset /foundation.css - 200 OK (0ms)


Started GET "/" for 127.0.0.1 at 2014-01-05 06:57:41 +0900
Processing by HomeController#show as HTML
  Rendered home/show.html.erb within layouts/application (0.0ms)
Completed 200 OK in 2.5ms (Views: 2.4ms | ActiveRecord: 0.0ms)


Started GET "/assets/foundation.css?body=1" for 127.0.0.1 at 2014-01-05 06:57:41 +0900
Served asset /foundation.css - 304 Not Modified (0ms)


Started GET "/assets/foundation.css?body=1&livereload=1388872738266" for 127.0.0.1 at 2014-01-05 06:58:58 +0900
Served asset /foundation.css - 200 OK (0ms)


Started GET "/assets/foundation.css?body=1&livereload=1388872767102" for 127.0.0.1 at 2014-01-05 06:59:27 +0900
Served asset /foundation.css - 200 OK (0ms)


Started GET "/assets/foundation.css?body=1&livereload=1388872798052" for 127.0.0.1 at 2014-01-05 06:59:58 +0900
Served asset /foundation.css - 200 OK (0ms)


Started GET "/assets/foundation.css?body=1&livereload=1388872818062" for 127.0.0.1 at 2014-01-05 07:00:18 +0900
Served asset /foundation.css - 200 OK (0ms)


Started GET "/assets/foundation.css?body=1&livereload=1388872827717" for 127.0.0.1 at 2014-01-05 07:00:27 +0900
Served asset /foundation.css - 200 OK (0ms)


Started GET "/assets/foundation.css?body=1&livereload=1388872841643" for 127.0.0.1 at 2014-01-05 07:00:41 +0900
Served asset /foundation.css - 200 OK (0ms)


Started GET "/assets/foundation.css?body=1&livereload=1388872845933" for 127.0.0.1 at 2014-01-05 07:00:46 +0900
Served asset /foundation.css - 200 OK (1ms)


Started GET "/" for 127.0.0.1 at 2014-01-05 07:05:45 +0900
Connecting to database specified by database.yml
Processing by HomeController#show as HTML
  Rendered home/show.html.erb within layouts/application (2.2ms)
Completed 200 OK in 16.1ms (Views: 15.6ms | ActiveRecord: 0.0ms)


Started GET "/" for 127.0.0.1 at 2014-01-05 07:06:46 +0900
Processing by HomeController#show as HTML
  Rendered home/show.html.erb within layouts/application (0.0ms)
Completed 200 OK in 6.1ms (Views: 5.9ms | ActiveRecord: 0.0ms)


Started GET "/" for 127.0.0.1 at 2014-01-05 07:42:33 +0900
Processing by HomeController#show as HTML
  Rendered home/show.html.erb within layouts/application (0.0ms)
Completed 200 OK in 4.7ms (Views: 4.5ms | ActiveRecord: 0.0ms)


Started GET "/" for 127.0.0.1 at 2014-01-05 07:42:34 +0900
Processing by HomeController#show as HTML
  Rendered home/show.html.erb within layouts/application (0.0ms)
Completed 200 OK in 4.8ms (Views: 4.6ms | ActiveRecord: 0.0ms)


Started GET "/" for 127.0.0.1 at 2014-01-05 07:42:56 +0900
Processing by HomeController#show as HTML
  Rendered home/show.html.erb within layouts/application (0.0ms)
Completed 200 OK in 3.1ms (Views: 3.0ms | ActiveRecord: 0.0ms)


Started GET "/" for 127.0.0.1 at 2014-01-05 07:43:05 +0900
Processing by HomeController#show as HTML
  Rendered home/show.html.erb within layouts/application (0.0ms)
Completed 200 OK in 2.7ms (Views: 2.7ms | ActiveRecord: 0.0ms)


Started GET "/" for 127.0.0.1 at 2014-01-05 07:50:06 +0900
Processing by HomeController#show as HTML
  Rendered home/show.html.erb within layouts/application (0.0ms)
Completed 200 OK in 4.7ms (Views: 4.6ms | ActiveRecord: 0.0ms)


Started GET "/" for 127.0.0.1 at 2014-01-05 07:50:11 +0900
Processing by HomeController#show as HTML
  Rendered home/show.html.erb within layouts/application (0.0ms)
Completed 200 OK in 4.9ms (Views: 4.8ms | ActiveRecord: 0.0ms)


Started GET "/" for 127.0.0.1 at 2014-01-05 07:50:17 +0900
Processing by HomeController#show as HTML
  Rendered home/show.html.erb within layouts/application (0.0ms)
Completed 200 OK in 3.5ms (Views: 3.4ms | ActiveRecord: 0.0ms)


Started GET "/" for 127.0.0.1 at 2014-01-05 09:13:57 +0900
Processing by HomeController#show as HTML
  Rendered home/show.html.erb within layouts/application (0.0ms)
Completed 200 OK in 3.0ms (Views: 2.9ms | ActiveRecord: 0.0ms)


Started GET "/" for 127.0.0.1 at 2014-01-05 09:14:03 +0900
Processing by HomeController#show as HTML
  Rendered home/show.html.erb within layouts/application (0.0ms)
Completed 200 OK in 30.4ms (Views: 30.3ms | ActiveRecord: 0.0ms)


Started GET "/" for 127.0.0.1 at 2014-01-05 09:14:12 +0900
Processing by HomeController#show as HTML
  Rendered home/show.html.erb within layouts/application (0.0ms)
Completed 200 OK in 4.6ms (Views: 4.5ms | ActiveRecord: 0.0ms)
